<?xml version="1.0" encoding="UTF-8"?>
<testsuite xmlns:xsi="http://www.w3.org/2001/XMLSchema-instance" xsi:noNamespaceSchemaLocation="https://maven.apache.org/surefire/maven-surefire-plugin/xsd/surefire-test-report-3.0.xsd" version="3.0" name="org.noses.usaops.sources.worldbank.WorldBankServiceTest" time="0.52" tests="1" errors="0" skipped="0" failures="0">
  <properties>
    <property name="sun.desktop" value="gnome"/>
    <property name="awt.toolkit" value="sun.awt.X11.XToolkit"/>
    <property name="java.specification.version" value="11"/>
    <property name="sun.cpu.isalist" value=""/>
    <property name="sun.jnu.encoding" value="UTF-8"/>
    <property name="java.class.path" value="/home/drig/workspace/usaops/target/test-classes:/home/drig/workspace/usaops/target/classes:/home/drig/.m2/repository/org/springframework/boot/spring-boot-starter-data-jpa/1.0.2.RELEASE/spring-boot-starter-data-jpa-1.0.2.RELEASE.jar:/home/drig/.m2/repository/org/springframework/boot/spring-boot-starter-aop/1.0.2.RELEASE/spring-boot-starter-aop-1.0.2.RELEASE.jar:/home/drig/.m2/repository/org/springframework/spring-aop/4.0.3.RELEASE/spring-aop-4.0.3.RELEASE.jar:/home/drig/.m2/repository/aopalliance/aopalliance/1.0/aopalliance-1.0.jar:/home/drig/.m2/repository/org/aspectj/aspectjrt/1.7.4/aspectjrt-1.7.4.jar:/home/drig/.m2/repository/org/aspectj/aspectjweaver/1.7.4/aspectjweaver-1.7.4.jar:/home/drig/.m2/repository/org/springframework/boot/spring-boot-starter-jdbc/1.0.2.RELEASE/spring-boot-starter-jdbc-1.0.2.RELEASE.jar:/home/drig/.m2/repository/org/springframework/spring-jdbc/4.0.3.RELEASE/spring-jdbc-4.0.3.RELEASE.jar:/home/drig/.m2/repository/org/apache/tomcat/tomcat-jdbc/7.0.52/tomcat-jdbc-7.0.52.jar:/home/drig/.m2/repository/org/apache/tomcat/tomcat-juli/7.0.52/tomcat-juli-7.0.52.jar:/home/drig/.m2/repository/org/springframework/spring-tx/4.0.3.RELEASE/spring-tx-4.0.3.RELEASE.jar:/home/drig/.m2/repository/org/hibernate/hibernate-entitymanager/4.3.1.Final/hibernate-entitymanager-4.3.1.Final.jar:/home/drig/.m2/repository/org/jboss/logging/jboss-logging/3.1.3.GA/jboss-logging-3.1.3.GA.jar:/home/drig/.m2/repository/org/jboss/logging/jboss-logging-annotations/1.2.0.Beta1/jboss-logging-annotations-1.2.0.Beta1.jar:/home/drig/.m2/repository/org/hibernate/hibernate-core/4.3.1.Final/hibernate-core-4.3.1.Final.jar:/home/drig/.m2/repository/antlr/antlr/2.7.7/antlr-2.7.7.jar:/home/drig/.m2/repository/org/jboss/jandex/1.1.0.Final/jandex-1.1.0.Final.jar:/home/drig/.m2/repository/dom4j/dom4j/1.6.1/dom4j-1.6.1.jar:/home/drig/.m2/repository/xml-apis/xml-apis/1.0.b2/xml-apis-1.0.b2.jar:/home/drig/.m2/repository/org/hibernate/common/hibernate-commons-annotations/4.0.4.Final/hibernate-commons-annotations-4.0.4.Final.jar:/home/drig/.m2/repository/org/hibernate/javax/persistence/hibernate-jpa-2.1-api/1.0.0.Final/hibernate-jpa-2.1-api-1.0.0.Final.jar:/home/drig/.m2/repository/org/jboss/spec/javax/transaction/jboss-transaction-api_1.2_spec/1.0.0.Final/jboss-transaction-api_1.2_spec-1.0.0.Final.jar:/home/drig/.m2/repository/org/javassist/javassist/3.18.1-GA/javassist-3.18.1-GA.jar:/home/drig/.m2/repository/org/springframework/spring-orm/4.0.3.RELEASE/spring-orm-4.0.3.RELEASE.jar:/home/drig/.m2/repository/org/springframework/spring-beans/4.0.3.RELEASE/spring-beans-4.0.3.RELEASE.jar:/home/drig/.m2/repository/org/springframework/spring-core/4.0.3.RELEASE/spring-core-4.0.3.RELEASE.jar:/home/drig/.m2/repository/org/springframework/data/spring-data-jpa/1.5.2.RELEASE/spring-data-jpa-1.5.2.RELEASE.jar:/home/drig/.m2/repository/org/springframework/data/spring-data-commons/1.7.2.RELEASE/spring-data-commons-1.7.2.RELEASE.jar:/home/drig/.m2/repository/org/springframework/spring-context/4.0.3.RELEASE/spring-context-4.0.3.RELEASE.jar:/home/drig/.m2/repository/org/slf4j/slf4j-api/1.7.7/slf4j-api-1.7.7.jar:/home/drig/.m2/repository/org/slf4j/jcl-over-slf4j/1.7.7/jcl-over-slf4j-1.7.7.jar:/home/drig/.m2/repository/org/springframework/spring-aspects/4.0.3.RELEASE/spring-aspects-4.0.3.RELEASE.jar:/home/drig/.m2/repository/org/springframework/boot/spring-boot-starter-web/1.0.2.RELEASE/spring-boot-starter-web-1.0.2.RELEASE.jar:/home/drig/.m2/repository/org/springframework/boot/spring-boot-starter/1.0.2.RELEASE/spring-boot-starter-1.0.2.RELEASE.jar:/home/drig/.m2/repository/org/springframework/boot/spring-boot/1.0.2.RELEASE/spring-boot-1.0.2.RELEASE.jar:/home/drig/.m2/repository/org/springframework/boot/spring-boot-autoconfigure/1.0.2.RELEASE/spring-boot-autoconfigure-1.0.2.RELEASE.jar:/home/drig/.m2/repository/org/springframework/boot/spring-boot-starter-logging/1.0.2.RELEASE/spring-boot-starter-logging-1.0.2.RELEASE.jar:/home/drig/.m2/repository/org/slf4j/jul-to-slf4j/1.7.7/jul-to-slf4j-1.7.7.jar:/home/drig/.m2/repository/org/slf4j/log4j-over-slf4j/1.7.7/log4j-over-slf4j-1.7.7.jar:/home/drig/.m2/repository/ch/qos/logback/logback-classic/1.1.2/logback-classic-1.1.2.jar:/home/drig/.m2/repository/ch/qos/logback/logback-core/1.1.2/logback-core-1.1.2.jar:/home/drig/.m2/repository/org/yaml/snakeyaml/1.13/snakeyaml-1.13.jar:/home/drig/.m2/repository/org/springframework/boot/spring-boot-starter-tomcat/1.0.2.RELEASE/spring-boot-starter-tomcat-1.0.2.RELEASE.jar:/home/drig/.m2/repository/org/apache/tomcat/embed/tomcat-embed-core/7.0.52/tomcat-embed-core-7.0.52.jar:/home/drig/.m2/repository/org/apache/tomcat/embed/tomcat-embed-el/7.0.52/tomcat-embed-el-7.0.52.jar:/home/drig/.m2/repository/org/apache/tomcat/embed/tomcat-embed-logging-juli/7.0.52/tomcat-embed-logging-juli-7.0.52.jar:/home/drig/.m2/repository/com/fasterxml/jackson/core/jackson-databind/2.3.3/jackson-databind-2.3.3.jar:/home/drig/.m2/repository/com/fasterxml/jackson/core/jackson-annotations/2.3.0/jackson-annotations-2.3.0.jar:/home/drig/.m2/repository/com/fasterxml/jackson/core/jackson-core/2.3.3/jackson-core-2.3.3.jar:/home/drig/.m2/repository/org/springframework/spring-web/4.0.3.RELEASE/spring-web-4.0.3.RELEASE.jar:/home/drig/.m2/repository/org/springframework/spring-webmvc/4.0.3.RELEASE/spring-webmvc-4.0.3.RELEASE.jar:/home/drig/.m2/repository/org/springframework/spring-expression/4.0.3.RELEASE/spring-expression-4.0.3.RELEASE.jar:/home/drig/.m2/repository/org/hsqldb/hsqldb/2.3.2/hsqldb-2.3.2.jar:/home/drig/.m2/repository/org/springframework/boot/spring-boot-starter-test/1.0.2.RELEASE/spring-boot-starter-test-1.0.2.RELEASE.jar:/home/drig/.m2/repository/org/springframework/spring-test/4.0.3.RELEASE/spring-test-4.0.3.RELEASE.jar:/home/drig/.m2/repository/org/apache/commons/commons-csv/1.7/commons-csv-1.7.jar:/home/drig/.m2/repository/org/apache/httpcomponents/httpclient/4.5.10/httpclient-4.5.10.jar:/home/drig/.m2/repository/org/apache/httpcomponents/httpcore/4.4.12/httpcore-4.4.12.jar:/home/drig/.m2/repository/commons-codec/commons-codec/1.11/commons-codec-1.11.jar:/home/drig/.m2/repository/org/projectlombok/lombok/1.18.10/lombok-1.18.10.jar:/home/drig/.m2/repository/mysql/mysql-connector-java/5.1.30/mysql-connector-java-5.1.30.jar:/home/drig/.m2/repository/junit/junit/4.11/junit-4.11.jar:/home/drig/.m2/repository/org/hamcrest/hamcrest-core/1.3/hamcrest-core-1.3.jar:/home/drig/.m2/repository/org/mockito/mockito-core/1.9.5/mockito-core-1.9.5.jar:/home/drig/.m2/repository/org/objenesis/objenesis/1.0/objenesis-1.0.jar:/home/drig/.m2/repository/org/hamcrest/hamcrest-library/1.3/hamcrest-library-1.3.jar:"/>
    <property name="java.vm.vendor" value="Oracle Corporation"/>
    <property name="sun.arch.data.model" value="64"/>
    <property name="java.vendor.url" value="http://java.oracle.com/"/>
    <property name="user.timezone" value="America/Denver"/>
    <property name="java.vm.specification.version" value="11"/>
    <property name="os.name" value="Linux"/>
    <property name="sun.java.launcher" value="SUN_STANDARD"/>
    <property name="user.country" value="US"/>
    <property name="sun.boot.library.path" value="/usr/lib/jvm/java-11-openjdk-amd64/lib"/>
    <property name="sun.java.command" value="/home/drig/workspace/usaops/target/surefire/surefirebooter5805680725559541670.jar /home/drig/workspace/usaops/target/surefire 2020-02-09T09-49-17_187-jvmRun1 surefire1723565925961962249tmp surefire_012577131789040360385tmp"/>
    <property name="jdk.debug" value="release"/>
    <property name="surefire.test.class.path" value="/home/drig/workspace/usaops/target/test-classes:/home/drig/workspace/usaops/target/classes:/home/drig/.m2/repository/org/springframework/boot/spring-boot-starter-data-jpa/1.0.2.RELEASE/spring-boot-starter-data-jpa-1.0.2.RELEASE.jar:/home/drig/.m2/repository/org/springframework/boot/spring-boot-starter-aop/1.0.2.RELEASE/spring-boot-starter-aop-1.0.2.RELEASE.jar:/home/drig/.m2/repository/org/springframework/spring-aop/4.0.3.RELEASE/spring-aop-4.0.3.RELEASE.jar:/home/drig/.m2/repository/aopalliance/aopalliance/1.0/aopalliance-1.0.jar:/home/drig/.m2/repository/org/aspectj/aspectjrt/1.7.4/aspectjrt-1.7.4.jar:/home/drig/.m2/repository/org/aspectj/aspectjweaver/1.7.4/aspectjweaver-1.7.4.jar:/home/drig/.m2/repository/org/springframework/boot/spring-boot-starter-jdbc/1.0.2.RELEASE/spring-boot-starter-jdbc-1.0.2.RELEASE.jar:/home/drig/.m2/repository/org/springframework/spring-jdbc/4.0.3.RELEASE/spring-jdbc-4.0.3.RELEASE.jar:/home/drig/.m2/repository/org/apache/tomcat/tomcat-jdbc/7.0.52/tomcat-jdbc-7.0.52.jar:/home/drig/.m2/repository/org/apache/tomcat/tomcat-juli/7.0.52/tomcat-juli-7.0.52.jar:/home/drig/.m2/repository/org/springframework/spring-tx/4.0.3.RELEASE/spring-tx-4.0.3.RELEASE.jar:/home/drig/.m2/repository/org/hibernate/hibernate-entitymanager/4.3.1.Final/hibernate-entitymanager-4.3.1.Final.jar:/home/drig/.m2/repository/org/jboss/logging/jboss-logging/3.1.3.GA/jboss-logging-3.1.3.GA.jar:/home/drig/.m2/repository/org/jboss/logging/jboss-logging-annotations/1.2.0.Beta1/jboss-logging-annotations-1.2.0.Beta1.jar:/home/drig/.m2/repository/org/hibernate/hibernate-core/4.3.1.Final/hibernate-core-4.3.1.Final.jar:/home/drig/.m2/repository/antlr/antlr/2.7.7/antlr-2.7.7.jar:/home/drig/.m2/repository/org/jboss/jandex/1.1.0.Final/jandex-1.1.0.Final.jar:/home/drig/.m2/repository/dom4j/dom4j/1.6.1/dom4j-1.6.1.jar:/home/drig/.m2/repository/xml-apis/xml-apis/1.0.b2/xml-apis-1.0.b2.jar:/home/drig/.m2/repository/org/hibernate/common/hibernate-commons-annotations/4.0.4.Final/hibernate-commons-annotations-4.0.4.Final.jar:/home/drig/.m2/repository/org/hibernate/javax/persistence/hibernate-jpa-2.1-api/1.0.0.Final/hibernate-jpa-2.1-api-1.0.0.Final.jar:/home/drig/.m2/repository/org/jboss/spec/javax/transaction/jboss-transaction-api_1.2_spec/1.0.0.Final/jboss-transaction-api_1.2_spec-1.0.0.Final.jar:/home/drig/.m2/repository/org/javassist/javassist/3.18.1-GA/javassist-3.18.1-GA.jar:/home/drig/.m2/repository/org/springframework/spring-orm/4.0.3.RELEASE/spring-orm-4.0.3.RELEASE.jar:/home/drig/.m2/repository/org/springframework/spring-beans/4.0.3.RELEASE/spring-beans-4.0.3.RELEASE.jar:/home/drig/.m2/repository/org/springframework/spring-core/4.0.3.RELEASE/spring-core-4.0.3.RELEASE.jar:/home/drig/.m2/repository/org/springframework/data/spring-data-jpa/1.5.2.RELEASE/spring-data-jpa-1.5.2.RELEASE.jar:/home/drig/.m2/repository/org/springframework/data/spring-data-commons/1.7.2.RELEASE/spring-data-commons-1.7.2.RELEASE.jar:/home/drig/.m2/repository/org/springframework/spring-context/4.0.3.RELEASE/spring-context-4.0.3.RELEASE.jar:/home/drig/.m2/repository/org/slf4j/slf4j-api/1.7.7/slf4j-api-1.7.7.jar:/home/drig/.m2/repository/org/slf4j/jcl-over-slf4j/1.7.7/jcl-over-slf4j-1.7.7.jar:/home/drig/.m2/repository/org/springframework/spring-aspects/4.0.3.RELEASE/spring-aspects-4.0.3.RELEASE.jar:/home/drig/.m2/repository/org/springframework/boot/spring-boot-starter-web/1.0.2.RELEASE/spring-boot-starter-web-1.0.2.RELEASE.jar:/home/drig/.m2/repository/org/springframework/boot/spring-boot-starter/1.0.2.RELEASE/spring-boot-starter-1.0.2.RELEASE.jar:/home/drig/.m2/repository/org/springframework/boot/spring-boot/1.0.2.RELEASE/spring-boot-1.0.2.RELEASE.jar:/home/drig/.m2/repository/org/springframework/boot/spring-boot-autoconfigure/1.0.2.RELEASE/spring-boot-autoconfigure-1.0.2.RELEASE.jar:/home/drig/.m2/repository/org/springframework/boot/spring-boot-starter-logging/1.0.2.RELEASE/spring-boot-starter-logging-1.0.2.RELEASE.jar:/home/drig/.m2/repository/org/slf4j/jul-to-slf4j/1.7.7/jul-to-slf4j-1.7.7.jar:/home/drig/.m2/repository/org/slf4j/log4j-over-slf4j/1.7.7/log4j-over-slf4j-1.7.7.jar:/home/drig/.m2/repository/ch/qos/logback/logback-classic/1.1.2/logback-classic-1.1.2.jar:/home/drig/.m2/repository/ch/qos/logback/logback-core/1.1.2/logback-core-1.1.2.jar:/home/drig/.m2/repository/org/yaml/snakeyaml/1.13/snakeyaml-1.13.jar:/home/drig/.m2/repository/org/springframework/boot/spring-boot-starter-tomcat/1.0.2.RELEASE/spring-boot-starter-tomcat-1.0.2.RELEASE.jar:/home/drig/.m2/repository/org/apache/tomcat/embed/tomcat-embed-core/7.0.52/tomcat-embed-core-7.0.52.jar:/home/drig/.m2/repository/org/apache/tomcat/embed/tomcat-embed-el/7.0.52/tomcat-embed-el-7.0.52.jar:/home/drig/.m2/repository/org/apache/tomcat/embed/tomcat-embed-logging-juli/7.0.52/tomcat-embed-logging-juli-7.0.52.jar:/home/drig/.m2/repository/com/fasterxml/jackson/core/jackson-databind/2.3.3/jackson-databind-2.3.3.jar:/home/drig/.m2/repository/com/fasterxml/jackson/core/jackson-annotations/2.3.0/jackson-annotations-2.3.0.jar:/home/drig/.m2/repository/com/fasterxml/jackson/core/jackson-core/2.3.3/jackson-core-2.3.3.jar:/home/drig/.m2/repository/org/springframework/spring-web/4.0.3.RELEASE/spring-web-4.0.3.RELEASE.jar:/home/drig/.m2/repository/org/springframework/spring-webmvc/4.0.3.RELEASE/spring-webmvc-4.0.3.RELEASE.jar:/home/drig/.m2/repository/org/springframework/spring-expression/4.0.3.RELEASE/spring-expression-4.0.3.RELEASE.jar:/home/drig/.m2/repository/org/hsqldb/hsqldb/2.3.2/hsqldb-2.3.2.jar:/home/drig/.m2/repository/org/springframework/boot/spring-boot-starter-test/1.0.2.RELEASE/spring-boot-starter-test-1.0.2.RELEASE.jar:/home/drig/.m2/repository/org/springframework/spring-test/4.0.3.RELEASE/spring-test-4.0.3.RELEASE.jar:/home/drig/.m2/repository/org/apache/commons/commons-csv/1.7/commons-csv-1.7.jar:/home/drig/.m2/repository/org/apache/httpcomponents/httpclient/4.5.10/httpclient-4.5.10.jar:/home/drig/.m2/repository/org/apache/httpcomponents/httpcore/4.4.12/httpcore-4.4.12.jar:/home/drig/.m2/repository/commons-codec/commons-codec/1.11/commons-codec-1.11.jar:/home/drig/.m2/repository/org/projectlombok/lombok/1.18.10/lombok-1.18.10.jar:/home/drig/.m2/repository/mysql/mysql-connector-java/5.1.30/mysql-connector-java-5.1.30.jar:/home/drig/.m2/repository/junit/junit/4.11/junit-4.11.jar:/home/drig/.m2/repository/org/hamcrest/hamcrest-core/1.3/hamcrest-core-1.3.jar:/home/drig/.m2/repository/org/mockito/mockito-core/1.9.5/mockito-core-1.9.5.jar:/home/drig/.m2/repository/org/objenesis/objenesis/1.0/objenesis-1.0.jar:/home/drig/.m2/repository/org/hamcrest/hamcrest-library/1.3/hamcrest-library-1.3.jar:"/>
    <property name="sun.cpu.endian" value="little"/>
    <property name="user.home" value="/home/drig"/>
    <property name="user.language" value="en"/>
    <property name="java.specification.vendor" value="Oracle Corporation"/>
    <property name="java.version.date" value="2019-04-16"/>
    <property name="java.home" value="/usr/lib/jvm/java-11-openjdk-amd64"/>
    <property name="file.separator" value="/"/>
    <property name="basedir" value="/home/drig/workspace/usaops"/>
    <property name="java.vm.compressedOopsMode" value="Zero based"/>
    <property name="line.separator" value="&#10;"/>
    <property name="java.specification.name" value="Java Platform API Specification"/>
    <property name="java.vm.specification.vendor" value="Oracle Corporation"/>
    <property name="java.awt.graphicsenv" value="sun.awt.X11GraphicsEnvironment"/>
    <property name="surefire.real.class.path" value="/home/drig/workspace/usaops/target/surefire/surefirebooter5805680725559541670.jar"/>
    <property name="sun.management.compiler" value="HotSpot 64-Bit Tiered Compilers"/>
    <property name="java.runtime.version" value="11.0.3+7-Ubuntu-1ubuntu218.10.1"/>
    <property name="user.name" value="drig"/>
    <property name="path.separator" value=":"/>
    <property name="os.version" value="4.18.0-25-generic"/>
    <property name="java.runtime.name" value="OpenJDK Runtime Environment"/>
    <property name="file.encoding" value="UTF-8"/>
    <property name="java.vm.name" value="OpenJDK 64-Bit Server VM"/>
    <property name="localRepository" value="/home/drig/.m2/repository"/>
    <property name="java.vendor.url.bug" value="http://bugreport.java.com/bugreport/"/>
    <property name="java.io.tmpdir" value="/tmp"/>
    <property name="java.version" value="11.0.3"/>
    <property name="user.dir" value="/home/drig/workspace/usaops"/>
    <property name="os.arch" value="amd64"/>
    <property name="java.vm.specification.name" value="Java Virtual Machine Specification"/>
    <property name="java.awt.printerjob" value="sun.print.PSPrinterJob"/>
    <property name="sun.os.patch.level" value="unknown"/>
    <property name="java.library.path" value="/usr/java/packages/lib:/usr/lib/x86_64-linux-gnu/jni:/lib/x86_64-linux-gnu:/usr/lib/x86_64-linux-gnu:/usr/lib/jni:/lib:/usr/lib"/>
    <property name="java.vendor" value="Oracle Corporation"/>
    <property name="java.vm.info" value="mixed mode, sharing"/>
    <property name="java.vm.version" value="11.0.3+7-Ubuntu-1ubuntu218.10.1"/>
    <property name="sun.io.unicode.encoding" value="UnicodeLittle"/>
    <property name="java.class.version" value="55.0"/>
  </properties>
  <testcase name="testDeathRates" classname="org.noses.usaops.sources.worldbank.WorldBankServiceTest" time="0.52"/>
</testsuite>